Using pre-set license
Built from '2022.3/staging' branch; Version is '2022.3.13f1 (5f90a5ebde0f) revision 6262949'; Using compiler version '192829333'; Build Type 'Release'
OS: 'Windows 10  (10.0.19045) 64bit Professional' Language: 'en' Physical Memory: 32645 MB
BatchMode: 1, IsHumanControllingUs: 0, StartBugReporterOnCrash: 0, Is64bit: 1, IsPro: 1

COMMAND LINE ARGUMENTS:
C:\Program Files\Unity\Hub\Editor\2022.3.13f1\Editor\Unity.exe
-adb2
-batchMode
-noUpm
-name
AssetImportWorker0
-projectPath
D:/MRK/Unity/Advanced Shaders
-logFile
Logs/AssetImportWorker0.log
-srvPort
53264
Successfully changed project path to: D:/MRK/Unity/Advanced Shaders
D:/MRK/Unity/Advanced Shaders
[UnityMemory] Configuration Parameters - Can be set up in boot.config
    "memorysetup-bucket-allocator-granularity=16"
    "memorysetup-bucket-allocator-bucket-count=8"
    "memorysetup-bucket-allocator-block-size=33554432"
    "memorysetup-bucket-allocator-block-count=8"
    "memorysetup-main-allocator-block-size=16777216"
    "memorysetup-thread-allocator-block-size=16777216"
    "memorysetup-gfx-main-allocator-block-size=16777216"
    "memorysetup-gfx-thread-allocator-block-size=16777216"
    "memorysetup-cache-allocator-block-size=4194304"
    "memorysetup-typetree-allocator-block-size=2097152"
    "memorysetup-profiler-bucket-allocator-granularity=16"
    "memorysetup-profiler-bucket-allocator-bucket-count=8"
    "memorysetup-profiler-bucket-allocator-block-size=33554432"
    "memorysetup-profiler-bucket-allocator-block-count=8"
    "memorysetup-profiler-allocator-block-size=16777216"
    "memorysetup-profiler-editor-allocator-block-size=1048576"
    "memorysetup-temp-allocator-size-main=16777216"
    "memorysetup-job-temp-allocator-block-size=2097152"
    "memorysetup-job-temp-allocator-block-size-background=1048576"
    "memorysetup-job-temp-allocator-reduction-small-platforms=262144"
    "memorysetup-allocator-temp-initial-block-size-main=262144"
    "memorysetup-allocator-temp-initial-block-size-worker=262144"
    "memorysetup-temp-allocator-size-background-worker=32768"
    "memorysetup-temp-allocator-size-job-worker=262144"
    "memorysetup-temp-allocator-size-preload-manager=33554432"
    "memorysetup-temp-allocator-size-nav-mesh-worker=65536"
    "memorysetup-temp-allocator-size-audio-worker=65536"
    "memorysetup-temp-allocator-size-cloud-worker=32768"
    "memorysetup-temp-allocator-size-gi-baking-worker=262144"
    "memorysetup-temp-allocator-size-gfx=262144"
Player connection [8456] Host "[IP] 172.16.2.178 [Port] 0 [Flags] 2 [Guid] 2338865998 [EditorId] 2338865998 [Version] 1048832 [Id] WindowsEditor(7,mm14-2022-105) [Debug] 1 [PackageName] WindowsEditor [ProjectName] Editor" joined multi-casting on [225.0.0.222:54997]...

Player connection [8456] Host "[IP] 172.16.2.178 [Port] 0 [Flags] 2 [Guid] 2338865998 [EditorId] 2338865998 [Version] 1048832 [Id] WindowsEditor(7,mm14-2022-105) [Debug] 1 [PackageName] WindowsEditor [ProjectName] Editor" joined alternative multi-casting on [225.0.0.222:34997]...

[Physics::Module] Initialized MultithreadedJobDispatcher with 11 workers.
Refreshing native plugins compatible for Editor in 3.64 ms, found 3 plugins.
Preloading 0 native plugins for Editor in 0.00 ms.
Initialize engine version: 2022.3.13f1 (5f90a5ebde0f)
[Subsystems] Discovering subsystems at path C:/Program Files/Unity/Hub/Editor/2022.3.13f1/Editor/Data/Resources/UnitySubsystems
[Subsystems] Discovering subsystems at path D:/MRK/Unity/Advanced Shaders/Assets
GfxDevice: creating device client; threaded=0; jobified=0
Direct3D:
    Version:  Direct3D 11.0 [level 11.1]
    Renderer: NVIDIA GeForce RTX 3060 (ID=0x2487)
    Vendor:   NVIDIA
    VRAM:     12124 MB
    Driver:   31.0.15.3640
Initialize mono
Mono path[0] = 'C:/Program Files/Unity/Hub/Editor/2022.3.13f1/Editor/Data/Managed'
Mono path[1] = 'C:/Program Files/Unity/Hub/Editor/2022.3.13f1/Editor/Data/MonoBleedingEdge/lib/mono/unityjit-win32'
Mono config path = 'C:/Program Files/Unity/Hub/Editor/2022.3.13f1/Editor/Data/MonoBleedingEdge/etc'
Using monoOptions --debugger-agent=transport=dt_socket,embedding=1,server=y,suspend=n,address=127.0.0.1:56288
Begin MonoManager ReloadAssembly
Registering precompiled unity dll's ...
Register platform support module: C:/Program Files/Unity/Hub/Editor/2022.3.13f1/Editor/Data/PlaybackEngines/WebGLSupport/UnityEditor.WebGL.Extensions.dll
Register platform support module: C:/Program Files/Unity/Hub/Editor/2022.3.13f1/Editor/Data/PlaybackEngines/AndroidPlayer/UnityEditor.Android.Extensions.dll
Register platform support module: C:/Program Files/Unity/Hub/Editor/2022.3.13f1/Editor/Data/PlaybackEngines/WindowsStandaloneSupport/UnityEditor.WindowsStandalone.Extensions.dll
Registered in 0.007753 seconds.
- Loaded All Assemblies, in  0.287 seconds
Native extension for WindowsStandalone target not found
Native extension for Android target not found
InvalidOperationException: Cannot start process because a file name has not been provided.
  at System.Diagnostics.Process.Start () [0x00024] in <36d5d97f0e39429283d80156f1c7f1fc>:0 
  at (wrapper remoting-invoke-with-check) System.Diagnostics.Process.Start()
  at UnityEditor.Android.ProgramAsShellExecute.Start (System.Diagnostics.ProcessStartInfo psi) [0x0000e] in <c764018aa4484af49ae840fbd4bf43a5>:0 
  at UnityEditor.Android.Command.RunWithShellExecute (System.String command, System.String args, System.String workingdir, System.String errorMsg) [0x0003e] in <c764018aa4484af49ae840fbd4bf43a5>:0 
  at UnityEditor.Android.ADB.StartServer () [0x00013] in <c764018aa4484af49ae840fbd4bf43a5>:0 
  at UnityEditor.Android.ADB.Run (System.String[] command, UnityEditor.Android.Command+WaitingForProcessToExit waitingForProcessToExit, System.String errorMsg) [0x0000b] in <c764018aa4484af49ae840fbd4bf43a5>:0 
  at UnityEditor.Android.AndroidDeploymentTargetsExtension.GetKnownTargets (UnityEditor.DeploymentTargets.IDeploymentTargetsMainThreadContext context, UnityEditor.ProgressHandler progressHandler) [0x00284] in <c764018aa4484af49ae840fbd4bf43a5>:0 
  at UnityEditor.Android.TargetScanWorker.ScanSync () [0x00039] in <c764018aa4484af49ae840fbd4bf43a5>:0 
  at UnityEditor.Android.TargetExtension.OnUsbDevicesChanged (UnityEditor.Hardware.UsbDevice[] usbDevices) [0x00081] in <c764018aa4484af49ae840fbd4bf43a5>:0 
  at UnityEditor.Android.TargetExtension.OnLoad () [0x000ad] in <c764018aa4484af49ae840fbd4bf43a5>:0 
  at UnityEditor.Modules.ModuleManager.InitializePlatformSupportModules () [0x0009d] in <7aeb7d7a52d04045b8a1c734633fa931>:0 

Mono: successfully reloaded assembly
- Finished resetting the current domain, in  0.266 seconds
Domain Reload Profiling: 553ms
	BeginReloadAssembly (86ms)
		ExecutionOrderSort (0ms)
		DisableScriptedObjects (0ms)
		BackupInstance (0ms)
		ReleaseScriptingObjects (0ms)
		CreateAndSetChildDomain (1ms)
	RebuildCommonClasses (31ms)
	RebuildNativeTypeToScriptingClass (8ms)
	initialDomainReloadingComplete (47ms)
	LoadAllAssembliesAndSetupDomain (114ms)
		LoadAssemblies (85ms)
		RebuildTransferFunctionScriptingTraits (0ms)
		AnalyzeDomain (112ms)
			TypeCache.Refresh (111ms)
				TypeCache.ScanAssembly (101ms)
			ScanForSourceGeneratedMonoScriptInfo (0ms)
			ResolveRequiredComponents (0ms)
	FinalizeReload (267ms)
		ReleaseScriptCaches (0ms)
		RebuildScriptCaches (0ms)
		SetupLoadedEditorAssemblies (218ms)
			LogAssemblyErrors (0ms)
			InitializePlatformSupportModulesInManaged (97ms)
			SetLoadedEditorAssemblies (4ms)
			RefreshPlugins (0ms)
			BeforeProcessingInitializeOnLoad (2ms)
			ProcessInitializeOnLoadAttributes (80ms)
			ProcessInitializeOnLoadMethodAttributes (35ms)
			AfterProcessingInitializeOnLoad (0ms)
			EditorAssembliesLoaded (0ms)
		ExecutionOrderSort2 (0ms)
		AwakeInstancesAfterBackupRestoration (0ms)
========================================================================
Worker process is ready to serve import requests
Begin MonoManager ReloadAssembly
- Loaded All Assemblies, in  0.477 seconds
Refreshing native plugins compatible for Editor in 1.15 ms, found 3 plugins.
Native extension for WindowsStandalone target not found
Native extension for Android target not found
Native extension for WebGL target not found
Package Manager log level set to [2]
[Package Manager] Server::EnsureServerProcessIsRunning -- launch failed, reason: Unity was launched with the -noUpm command-line argument
[Package Manager] UpmClient::Send -- Unable to send message (not connected to UPM process).
[Package Manager] Cannot connect to Unity Package Manager local server
Mono: successfully reloaded assembly
- Finished resetting the current domain, in  0.541 seconds
Domain Reload Profiling: 1017ms
	BeginReloadAssembly (118ms)
		ExecutionOrderSort (0ms)
		DisableScriptedObjects (5ms)
		BackupInstance (0ms)
		ReleaseScriptingObjects (0ms)
		CreateAndSetChildDomain (17ms)
	RebuildCommonClasses (25ms)
	RebuildNativeTypeToScriptingClass (8ms)
	initialDomainReloadingComplete (32ms)
	LoadAllAssembliesAndSetupDomain (292ms)
		LoadAssemblies (229ms)
		RebuildTransferFunctionScriptingTraits (0ms)
		AnalyzeDomain (131ms)
			TypeCache.Refresh (117ms)
				TypeCache.ScanAssembly (104ms)
			ScanForSourceGeneratedMonoScriptInfo (11ms)
			ResolveRequiredComponents (3ms)
	FinalizeReload (541ms)
		ReleaseScriptCaches (0ms)
		RebuildScriptCaches (0ms)
		SetupLoadedEditorAssemblies (410ms)
			LogAssemblyErrors (0ms)
			InitializePlatformSupportModulesInManaged (40ms)
			SetLoadedEditorAssemblies (5ms)
			RefreshPlugins (0ms)
			BeforeProcessingInitializeOnLoad (79ms)
			ProcessInitializeOnLoadAttributes (265ms)
			ProcessInitializeOnLoadMethodAttributes (16ms)
			AfterProcessingInitializeOnLoad (5ms)
			EditorAssembliesLoaded (0ms)
		ExecutionOrderSort2 (0ms)
		AwakeInstancesAfterBackupRestoration (5ms)
Launched and connected shader compiler UnityShaderCompiler.exe after 0.02 seconds
Refreshing native plugins compatible for Editor in 1.24 ms, found 3 plugins.
Preloading 0 native plugins for Editor in 0.00 ms.
Unloading 3083 Unused Serialized files (Serialized files now loaded: 0)
Unloading 32 unused Assets / (56.7 KB). Loaded Objects now: 3547.
Memory consumption went from 127.3 MB to 127.2 MB.
Total: 2.786800 ms (FindLiveObjects: 0.266900 ms CreateObjectMapping: 0.105100 ms MarkObjects: 2.328900 ms  DeleteObjects: 0.083600 ms)

AssetImportParameters requested are different than current active one (requested -> active):
  custom:container-demuxer-ogg: 62fdf1f143b41e24485cea50d1cbac27 -> 
  custom:video-decoder-ogg-theora: a1e56fd34408186e4bbccfd4996cb3dc -> 
  custom:framework-win-MediaFoundation: 216162199b28c13a410421893ffa2e32 -> 
  custom:CustomObjectIndexerAttribute: 756ad292c208cfabdd7b50bc23989ffe -> 
  custom:container-demuxer-webm: 4f35f7cbe854078d1ac9338744f61a02 -> 
  custom:container-muxer-webm: aa71ff27fc2769a1b78a27578f13a17b -> 
  custom:video-decoder-webm-vp8: 9c59270c3fd7afecdb556c50c9e8de78 -> 
  custom:SearchIndexIgnoredProperties: e643bd26f0fe6173181afceb89e7c659 -> 
  custom:AudioImporter_EditorPlatform: d09bf68614088b80899f8185d706f6e7 -> 
  custom:video-encoder-webm-vp8: eb34c28f22e8b96e1ab97ce403110664 -> 
  custom:audio-decoder-ogg-vorbis: bf7c407c2cedff20999df2af8eb42d56 -> 
  custom:audio-encoder-webm-vorbis: bf7c407c2cedff20999df2af8eb42d56 -> 
========================================================================
Received Import Request.
  Time since last request: 19303.018323 seconds.
  path: Assets/Material.mat
  artifactKey: Guid(48d578ea70866e648a1beec36832e55e) Importer(815301076,1909f56bfc062723c751e8b465ee728b)
Start importing Assets/Material.mat using Guid(48d578ea70866e648a1beec36832e55e) Importer(815301076,1909f56bfc062723c751e8b465ee728b)  -> (artifact id: '88d7da4fbb8a39e4f351f82fbb41116c') in 0.140092 seconds
Number of updated asset objects reloaded before import = 0
Number of asset objects unloaded after import = 1
========================================================================
Received Import Request.
  Time since last request: 27.251348 seconds.
  path: Assets/Scenes
  artifactKey: Guid(5ee5de5154360f248b881c094aa52cb6) Importer(815301076,1909f56bfc062723c751e8b465ee728b)
Start importing Assets/Scenes using Guid(5ee5de5154360f248b881c094aa52cb6) Importer(815301076,1909f56bfc062723c751e8b465ee728b)  -> (artifact id: 'bfdc20d7a1200f230aa46be3c11ee675') in 0.000361 seconds
Number of updated asset objects reloaded before import = 0
Number of asset objects unloaded after import = 0
========================================================================
Received Import Request.
  Time since last request: 0.741606 seconds.
  path: Assets/Scenes/SampleScene.unity
  artifactKey: Guid(9fc0d4010bbf28b4594072e72b8655ab) Importer(815301076,1909f56bfc062723c751e8b465ee728b)
Start importing Assets/Scenes/SampleScene.unity using Guid(9fc0d4010bbf28b4594072e72b8655ab) Importer(815301076,1909f56bfc062723c751e8b465ee728b)  -> (artifact id: 'a85bec50c8be757587fedfaade313866') in 0.000331 seconds
Number of updated asset objects reloaded before import = 0
Number of asset objects unloaded after import = 0
========================================================================
Received Import Request.
  Time since last request: 9.695465 seconds.
  path: Assets/MSphere.mat
  artifactKey: Guid(48d578ea70866e648a1beec36832e55e) Importer(815301076,1909f56bfc062723c751e8b465ee728b)
Start importing Assets/MSphere.mat using Guid(48d578ea70866e648a1beec36832e55e) Importer(815301076,1909f56bfc062723c751e8b465ee728b)  -> (artifact id: '3bfeb1dd880e35056fb473bcaab3c8fa') in 0.012084 seconds
Number of updated asset objects reloaded before import = 0
Number of asset objects unloaded after import = 1
========================================================================
Received Import Request.
  Time since last request: 6.262554 seconds.
  path: Assets/STest.unity
  artifactKey: Guid(9fc0d4010bbf28b4594072e72b8655ab) Importer(815301076,1909f56bfc062723c751e8b465ee728b)
Start importing Assets/STest.unity using Guid(9fc0d4010bbf28b4594072e72b8655ab) Importer(815301076,1909f56bfc062723c751e8b465ee728b)  -> (artifact id: '529cb3a1568e2dde2290879716caeb94') in 0.000337 seconds
Number of updated asset objects reloaded before import = 0
Number of asset objects unloaded after import = 0
========================================================================
Received Import Request.
  Time since last request: 16.014822 seconds.
  path: Assets/Shaders
  artifactKey: Guid(f0f6ebda5e940d74dac9ffd9eec79093) Importer(815301076,1909f56bfc062723c751e8b465ee728b)
Start importing Assets/Shaders using Guid(f0f6ebda5e940d74dac9ffd9eec79093) Importer(815301076,1909f56bfc062723c751e8b465ee728b)  -> (artifact id: '5c432db42f6d61883611d1d52c42550e') in 0.000341 seconds
Number of updated asset objects reloaded before import = 0
Number of asset objects unloaded after import = 0
========================================================================
Received Import Request.
  Time since last request: 46.953828 seconds.
  path: Assets/Shaders/RedMaterial.shader
  artifactKey: Guid(b5adf8b2d81b3d14a9fa5f88fa6b5358) Importer(815301076,1909f56bfc062723c751e8b465ee728b)
Start importing Assets/Shaders/RedMaterial.shader using Guid(b5adf8b2d81b3d14a9fa5f88fa6b5358) Importer(815301076,1909f56bfc062723c751e8b465ee728b)  -> (artifact id: '91dadad2e55fa307ce95de6adb09b5dc') in 0.002225 seconds
Number of updated asset objects reloaded before import = 0
Number of asset objects unloaded after import = 1
========================================================================
Received Import Request.
  Time since last request: 58.585213 seconds.
  path: Assets/MSphere.mat
  artifactKey: Guid(48d578ea70866e648a1beec36832e55e) Importer(815301076,1909f56bfc062723c751e8b465ee728b)
Start importing Assets/MSphere.mat using Guid(48d578ea70866e648a1beec36832e55e) Importer(815301076,1909f56bfc062723c751e8b465ee728b)  -> (artifact id: '34835ee6db8e85e054ff4a7bc8802dc6') in 0.025958 seconds
Number of updated asset objects reloaded before import = 0
Number of asset objects unloaded after import = 2
========================================================================
Received Import Request.
  Time since last request: 794.289894 seconds.
  path: Assets/Shaders/RedMaterial.shader
  artifactKey: Guid(b5adf8b2d81b3d14a9fa5f88fa6b5358) Importer(815301076,1909f56bfc062723c751e8b465ee728b)
Start importing Assets/Shaders/RedMaterial.shader using Guid(b5adf8b2d81b3d14a9fa5f88fa6b5358) Importer(815301076,1909f56bfc062723c751e8b465ee728b)  -> (artifact id: 'f73f235904e98874cd5e37346d742377') in 0.001491 seconds
Number of updated asset objects reloaded before import = 0
Number of asset objects unloaded after import = 1
========================================================================
Received Import Request.
  Time since last request: 142.890123 seconds.
  path: Assets/Shaders/RedMaterial.shader
  artifactKey: Guid(b5adf8b2d81b3d14a9fa5f88fa6b5358) Importer(815301076,1909f56bfc062723c751e8b465ee728b)
Start importing Assets/Shaders/RedMaterial.shader using Guid(b5adf8b2d81b3d14a9fa5f88fa6b5358) Importer(815301076,1909f56bfc062723c751e8b465ee728b)  -> (artifact id: 'f909ab468ca97d61baa82aa2bd01a318') in 0.001006 seconds
Number of updated asset objects reloaded before import = 0
Number of asset objects unloaded after import = 1
========================================================================
Received Import Request.
  Time since last request: 5.947354 seconds.
  path: Assets/Shaders/MonochromeMaterial.shader
  artifactKey: Guid(b5adf8b2d81b3d14a9fa5f88fa6b5358) Importer(815301076,1909f56bfc062723c751e8b465ee728b)
Start importing Assets/Shaders/MonochromeMaterial.shader using Guid(b5adf8b2d81b3d14a9fa5f88fa6b5358) Importer(815301076,1909f56bfc062723c751e8b465ee728b)  -> (artifact id: 'fb2364943ecc71d0469fb446dea71dbe') in 0.000923 seconds
Number of updated asset objects reloaded before import = 0
Number of asset objects unloaded after import = 1
========================================================================
Received Import Request.
  Time since last request: 8.372397 seconds.
  path: Assets/Shaders/MonochromeMaterial.shader
  artifactKey: Guid(b5adf8b2d81b3d14a9fa5f88fa6b5358) Importer(815301076,1909f56bfc062723c751e8b465ee728b)
Start importing Assets/Shaders/MonochromeMaterial.shader using Guid(b5adf8b2d81b3d14a9fa5f88fa6b5358) Importer(815301076,1909f56bfc062723c751e8b465ee728b)  -> (artifact id: 'e65f6379248b9bf03ff015312b20d554') in 0.000963 seconds
Number of updated asset objects reloaded before import = 0
Number of asset objects unloaded after import = 1
========================================================================
Received Import Request.
  Time since last request: 108.971682 seconds.
  path: Assets/Shaders/MonochromeMaterial.shader
  artifactKey: Guid(b5adf8b2d81b3d14a9fa5f88fa6b5358) Importer(815301076,1909f56bfc062723c751e8b465ee728b)
Start importing Assets/Shaders/MonochromeMaterial.shader using Guid(b5adf8b2d81b3d14a9fa5f88fa6b5358) Importer(815301076,1909f56bfc062723c751e8b465ee728b)  -> (artifact id: '52be39ebc3bf66d398ee413f01ea7b5e') in 0.001206 seconds
Number of updated asset objects reloaded before import = 0
Number of asset objects unloaded after import = 1
========================================================================
Received Import Request.
  Time since last request: 2460.876156 seconds.
  path: Assets/Shaders/MonochromeMaterial.shader
  artifactKey: Guid(b5adf8b2d81b3d14a9fa5f88fa6b5358) Importer(815301076,1909f56bfc062723c751e8b465ee728b)
Start importing Assets/Shaders/MonochromeMaterial.shader using Guid(b5adf8b2d81b3d14a9fa5f88fa6b5358) Importer(815301076,1909f56bfc062723c751e8b465ee728b)  -> (artifact id: 'cb9377eb09ebbff24ac39d3780c55a45') in 0.001420 seconds
Number of updated asset objects reloaded before import = 0
Number of asset objects unloaded after import = 1
========================================================================
Received Import Request.
  Time since last request: 6.570808 seconds.
  path: Assets/Shaders/MonochromeMaterial 1.shader
  artifactKey: Guid(8f1275571015c0148b0617ec5e7a435d) Importer(815301076,1909f56bfc062723c751e8b465ee728b)
Start importing Assets/Shaders/MonochromeMaterial 1.shader using Guid(8f1275571015c0148b0617ec5e7a435d) Importer(815301076,1909f56bfc062723c751e8b465ee728b)  -> (artifact id: '4ea5ec9a561c8d2f1698d64864bd9674') in 0.000917 seconds
Number of updated asset objects reloaded before import = 0
Number of asset objects unloaded after import = 1
========================================================================
Received Import Request.
  Time since last request: 7.733506 seconds.
  path: Assets/Shaders/StartMaterial.shader
  artifactKey: Guid(8f1275571015c0148b0617ec5e7a435d) Importer(815301076,1909f56bfc062723c751e8b465ee728b)
Start importing Assets/Shaders/StartMaterial.shader using Guid(8f1275571015c0148b0617ec5e7a435d) Importer(815301076,1909f56bfc062723c751e8b465ee728b)  -> (artifact id: '9ffcbb44cdca55f877e5b2e1ec50930d') in 0.000915 seconds
Number of updated asset objects reloaded before import = 0
Number of asset objects unloaded after import = 1
========================================================================
Received Import Request.
  Time since last request: 25.745473 seconds.
  path: Assets/Shaders/StartShader.shader
  artifactKey: Guid(8f1275571015c0148b0617ec5e7a435d) Importer(815301076,1909f56bfc062723c751e8b465ee728b)
Start importing Assets/Shaders/StartShader.shader using Guid(8f1275571015c0148b0617ec5e7a435d) Importer(815301076,1909f56bfc062723c751e8b465ee728b)  -> (artifact id: '798ce23b2e590790dfef3e093a59c2d0') in 0.000957 seconds
Number of updated asset objects reloaded before import = 0
Number of asset objects unloaded after import = 1
========================================================================
Received Import Request.
  Time since last request: 6.602550 seconds.
  path: Assets/Shaders/StartShader.shader
  artifactKey: Guid(8f1275571015c0148b0617ec5e7a435d) Importer(815301076,1909f56bfc062723c751e8b465ee728b)
Start importing Assets/Shaders/StartShader.shader using Guid(8f1275571015c0148b0617ec5e7a435d) Importer(815301076,1909f56bfc062723c751e8b465ee728b)  -> (artifact id: 'c0356e3eeffe1bd219447474fdc78650') in 0.000917 seconds
Number of updated asset objects reloaded before import = 0
Number of asset objects unloaded after import = 1
========================================================================
Received Import Request.
  Time since last request: 186.817419 seconds.
  path: Assets/Shaders/StartShader.shader
  artifactKey: Guid(8f1275571015c0148b0617ec5e7a435d) Importer(815301076,1909f56bfc062723c751e8b465ee728b)
Start importing Assets/Shaders/StartShader.shader using Guid(8f1275571015c0148b0617ec5e7a435d) Importer(815301076,1909f56bfc062723c751e8b465ee728b)  -> (artifact id: '0ec94b792393a5ce2d777f2df04c471a') in 0.000956 seconds
Number of updated asset objects reloaded before import = 0
Number of asset objects unloaded after import = 1
========================================================================
Received Import Request.
  Time since last request: 1.076669 seconds.
  path: Assets/MSphere.mat
  artifactKey: Guid(48d578ea70866e648a1beec36832e55e) Importer(815301076,1909f56bfc062723c751e8b465ee728b)
Start importing Assets/MSphere.mat using Guid(48d578ea70866e648a1beec36832e55e) Importer(815301076,1909f56bfc062723c751e8b465ee728b)  -> (artifact id: 'a46497004275ca4b04177fd2a2f3b261') in 0.026362 seconds
Number of updated asset objects reloaded before import = 0
Number of asset objects unloaded after import = 2
========================================================================
Received Import Request.
  Time since last request: 9.669038 seconds.
  path: Assets/MCube.mat
  artifactKey: Guid(374306472fd98ae4f96a7dfbaf99d4fd) Importer(815301076,1909f56bfc062723c751e8b465ee728b)
Start importing Assets/MCube.mat using Guid(374306472fd98ae4f96a7dfbaf99d4fd) Importer(815301076,1909f56bfc062723c751e8b465ee728b)  -> (artifact id: '1cfb90f8f43e7e6a98e79336066d0265') in 0.012703 seconds
Number of updated asset objects reloaded before import = 0
Number of asset objects unloaded after import = 1
========================================================================
Received Import Request.
  Time since last request: 6.235013 seconds.
  path: Assets/Shaders/SMonochrome.shader
  artifactKey: Guid(b5adf8b2d81b3d14a9fa5f88fa6b5358) Importer(815301076,1909f56bfc062723c751e8b465ee728b)
Start importing Assets/Shaders/SMonochrome.shader using Guid(b5adf8b2d81b3d14a9fa5f88fa6b5358) Importer(815301076,1909f56bfc062723c751e8b465ee728b)  -> (artifact id: '6fc28852c8ac02809d4f1a764938e67a') in 0.000954 seconds
Number of updated asset objects reloaded before import = 0
Number of asset objects unloaded after import = 1
========================================================================
Received Import Request.
  Time since last request: 6.547490 seconds.
  path: Assets/Shaders/SMonochrome.shader
  artifactKey: Guid(b5adf8b2d81b3d14a9fa5f88fa6b5358) Importer(815301076,1909f56bfc062723c751e8b465ee728b)
Start importing Assets/Shaders/SMonochrome.shader using Guid(b5adf8b2d81b3d14a9fa5f88fa6b5358) Importer(815301076,1909f56bfc062723c751e8b465ee728b)  -> (artifact id: 'c7d11b9650e178124c8f07aec425b2f4') in 0.000960 seconds
Number of updated asset objects reloaded before import = 0
Number of asset objects unloaded after import = 1
========================================================================
Received Import Request.
  Time since last request: 3.053103 seconds.
  path: Assets/Shaders/SStart.shader
  artifactKey: Guid(8f1275571015c0148b0617ec5e7a435d) Importer(815301076,1909f56bfc062723c751e8b465ee728b)
Start importing Assets/Shaders/SStart.shader using Guid(8f1275571015c0148b0617ec5e7a435d) Importer(815301076,1909f56bfc062723c751e8b465ee728b)  -> (artifact id: '9cc4a7d257959cfed5ac6ca081978f14') in 0.000914 seconds
Number of updated asset objects reloaded before import = 0
Number of asset objects unloaded after import = 1
========================================================================
Received Import Request.
  Time since last request: 3.669690 seconds.
  path: Assets/Shaders/SStart.shader
  artifactKey: Guid(8f1275571015c0148b0617ec5e7a435d) Importer(815301076,1909f56bfc062723c751e8b465ee728b)
Start importing Assets/Shaders/SStart.shader using Guid(8f1275571015c0148b0617ec5e7a435d) Importer(815301076,1909f56bfc062723c751e8b465ee728b)  -> (artifact id: '2972419a3e16fb4b478a0c36d8437c78') in 0.000923 seconds
Number of updated asset objects reloaded before import = 0
Number of asset objects unloaded after import = 1
========================================================================
Received Import Request.
  Time since last request: 1.676461 seconds.
  path: Assets/MSphere.mat
  artifactKey: Guid(48d578ea70866e648a1beec36832e55e) Importer(815301076,1909f56bfc062723c751e8b465ee728b)
Start importing Assets/MSphere.mat using Guid(48d578ea70866e648a1beec36832e55e) Importer(815301076,1909f56bfc062723c751e8b465ee728b)  -> (artifact id: '0fb3ae0a2ee99a4dcfe419ad1939a3f7') in 0.019976 seconds
Number of updated asset objects reloaded before import = 0
Number of asset objects unloaded after import = 2
========================================================================
Received Import Request.
  Time since last request: 97.326898 seconds.
  path: Assets/MCube.mat
  artifactKey: Guid(374306472fd98ae4f96a7dfbaf99d4fd) Importer(815301076,1909f56bfc062723c751e8b465ee728b)
Start importing Assets/MCube.mat using Guid(374306472fd98ae4f96a7dfbaf99d4fd) Importer(815301076,1909f56bfc062723c751e8b465ee728b)  -> (artifact id: 'e3b02133cd53d018cbc57105373f1a32') in 0.022820 seconds
Number of updated asset objects reloaded before import = 0
Number of asset objects unloaded after import = 2
========================================================================
Received Import Request.
  Time since last request: 67.595552 seconds.
  path: Assets/MCube.mat
  artifactKey: Guid(374306472fd98ae4f96a7dfbaf99d4fd) Importer(815301076,1909f56bfc062723c751e8b465ee728b)
Start importing Assets/MCube.mat using Guid(374306472fd98ae4f96a7dfbaf99d4fd) Importer(815301076,1909f56bfc062723c751e8b465ee728b)  -> (artifact id: 'c168618d27feb742e9256f6987b5351e') in 0.017242 seconds
Number of updated asset objects reloaded before import = 0
Number of asset objects unloaded after import = 2
========================================================================
Received Import Request.
  Time since last request: 1009.715573 seconds.
  path: Assets/Shaders/SStart.shader
  artifactKey: Guid(8f1275571015c0148b0617ec5e7a435d) Importer(815301076,1909f56bfc062723c751e8b465ee728b)
Start importing Assets/Shaders/SStart.shader using Guid(8f1275571015c0148b0617ec5e7a435d) Importer(815301076,1909f56bfc062723c751e8b465ee728b)  -> (artifact id: '270916b28350d98a31fa7829866311c3') in 0.001564 seconds
Number of updated asset objects reloaded before import = 0
Number of asset objects unloaded after import = 1
========================================================================
Received Import Request.
  Time since last request: 1.088957 seconds.
  path: Assets/Shaders/SStart 1.shader
  artifactKey: Guid(4797d5ad7287a7941a17295a0a1cb127) Importer(815301076,1909f56bfc062723c751e8b465ee728b)
Start importing Assets/Shaders/SStart 1.shader using Guid(4797d5ad7287a7941a17295a0a1cb127) Importer(815301076,1909f56bfc062723c751e8b465ee728b)  -> (artifact id: '308dd7797ec2a736b3d901f9c69728f5') in 0.000942 seconds
Number of updated asset objects reloaded before import = 0
Number of asset objects unloaded after import = 1
========================================================================
Received Import Request.
  Time since last request: 3.845282 seconds.
  path: Assets/Shaders/STexture.shader
  artifactKey: Guid(4797d5ad7287a7941a17295a0a1cb127) Importer(815301076,1909f56bfc062723c751e8b465ee728b)
Start importing Assets/Shaders/STexture.shader using Guid(4797d5ad7287a7941a17295a0a1cb127) Importer(815301076,1909f56bfc062723c751e8b465ee728b)  -> (artifact id: 'fe7f23bcc213f0cb35fb3daad2d9c1e5') in 0.001154 seconds
Number of updated asset objects reloaded before import = 0
Number of asset objects unloaded after import = 1
========================================================================
Received Import Request.
  Time since last request: 5.134213 seconds.
  path: Assets/Shaders/STexture.shader
  artifactKey: Guid(4797d5ad7287a7941a17295a0a1cb127) Importer(815301076,1909f56bfc062723c751e8b465ee728b)
Start importing Assets/Shaders/STexture.shader using Guid(4797d5ad7287a7941a17295a0a1cb127) Importer(815301076,1909f56bfc062723c751e8b465ee728b)  -> (artifact id: '6bc01d55bfb8a5f61d84f1824e3a192d') in 0.000970 seconds
Number of updated asset objects reloaded before import = 0
Number of asset objects unloaded after import = 1
========================================================================
Received Import Request.
  Time since last request: 222.935977 seconds.
  path: Assets/Shaders/STexture.shader
  artifactKey: Guid(4797d5ad7287a7941a17295a0a1cb127) Importer(815301076,1909f56bfc062723c751e8b465ee728b)
Start importing Assets/Shaders/STexture.shader using Guid(4797d5ad7287a7941a17295a0a1cb127) Importer(815301076,1909f56bfc062723c751e8b465ee728b)  -> (artifact id: 'fc5799a44c96091e83d4e16264a0bdf5') in 0.001016 seconds
Number of updated asset objects reloaded before import = 0
Number of asset objects unloaded after import = 1
========================================================================
Received Import Request.
  Time since last request: 22.008222 seconds.
  path: Assets/MStart.mat
  artifactKey: Guid(374306472fd98ae4f96a7dfbaf99d4fd) Importer(815301076,1909f56bfc062723c751e8b465ee728b)
Start importing Assets/MStart.mat using Guid(374306472fd98ae4f96a7dfbaf99d4fd) Importer(815301076,1909f56bfc062723c751e8b465ee728b)  -> (artifact id: '41c021ff620decec50404075c8cef93d') in 0.008216 seconds
Number of updated asset objects reloaded before import = 0
Number of asset objects unloaded after import = 2
========================================================================
Received Import Request.
  Time since last request: 6.513835 seconds.
  path: Assets/MMonochrome.mat
  artifactKey: Guid(48d578ea70866e648a1beec36832e55e) Importer(815301076,1909f56bfc062723c751e8b465ee728b)
Start importing Assets/MMonochrome.mat using Guid(48d578ea70866e648a1beec36832e55e) Importer(815301076,1909f56bfc062723c751e8b465ee728b)  -> (artifact id: '313a71baccd3664659f0243275c96cae') in 0.006611 seconds
Number of updated asset objects reloaded before import = 0
Number of asset objects unloaded after import = 2
========================================================================
Received Import Request.
  Time since last request: 10.156501 seconds.
  path: Assets/MTexture.mat
  artifactKey: Guid(8b121454fdafedd409b9a54423b4d995) Importer(815301076,1909f56bfc062723c751e8b465ee728b)
Start importing Assets/MTexture.mat using Guid(8b121454fdafedd409b9a54423b4d995) Importer(815301076,1909f56bfc062723c751e8b465ee728b)  -> (artifact id: 'e986f987b310b0543788ac9420b39006') in 0.011245 seconds
Number of updated asset objects reloaded before import = 0
Number of asset objects unloaded after import = 1
========================================================================
Received Import Request.
  Time since last request: 131.235186 seconds.
  path: Assets/MTexture.mat
  artifactKey: Guid(8b121454fdafedd409b9a54423b4d995) Importer(815301076,1909f56bfc062723c751e8b465ee728b)
Start importing Assets/MTexture.mat using Guid(8b121454fdafedd409b9a54423b4d995) Importer(815301076,1909f56bfc062723c751e8b465ee728b)  -> (artifact id: '0876ce7c519e6cfa0f50a53df0bc84fe') in 0.033943 seconds
Number of updated asset objects reloaded before import = 0
Number of asset objects unloaded after import = 2
========================================================================
Received Import Request.
  Time since last request: 3270.974970 seconds.
  path: Assets/Shaders/STexture.shader
  artifactKey: Guid(4797d5ad7287a7941a17295a0a1cb127) Importer(815301076,1909f56bfc062723c751e8b465ee728b)
Start importing Assets/Shaders/STexture.shader using Guid(4797d5ad7287a7941a17295a0a1cb127) Importer(815301076,1909f56bfc062723c751e8b465ee728b)  -> (artifact id: '6aa6fa627b2cbbafad3b4fd337e557e6') in 0.001669 seconds
Number of updated asset objects reloaded before import = 0
Number of asset objects unloaded after import = 1
========================================================================
Received Import Request.
  Time since last request: 0.801933 seconds.
  path: Assets/Shaders/STexture 1.shader
  artifactKey: Guid(92f806a37c79f264da91e80fedf74da9) Importer(815301076,1909f56bfc062723c751e8b465ee728b)
Start importing Assets/Shaders/STexture 1.shader using Guid(92f806a37c79f264da91e80fedf74da9) Importer(815301076,1909f56bfc062723c751e8b465ee728b)  -> (artifact id: '79bc82ad4afdf7f6860a7f4fbaf3af85') in 0.000972 seconds
Number of updated asset objects reloaded before import = 0
Number of asset objects unloaded after import = 1
========================================================================
Received Import Request.
  Time since last request: 3.590378 seconds.
  path: Assets/Shaders/SGradient.shader
  artifactKey: Guid(92f806a37c79f264da91e80fedf74da9) Importer(815301076,1909f56bfc062723c751e8b465ee728b)
Start importing Assets/Shaders/SGradient.shader using Guid(92f806a37c79f264da91e80fedf74da9) Importer(815301076,1909f56bfc062723c751e8b465ee728b)  -> (artifact id: 'bcaee66fc3cf9a2abd8ea9c68e7a4814') in 0.000902 seconds
Number of updated asset objects reloaded before import = 0
Number of asset objects unloaded after import = 1
========================================================================
Received Import Request.
  Time since last request: 5.775572 seconds.
  path: Assets/Shaders/SGradient.shader
  artifactKey: Guid(92f806a37c79f264da91e80fedf74da9) Importer(815301076,1909f56bfc062723c751e8b465ee728b)
Start importing Assets/Shaders/SGradient.shader using Guid(92f806a37c79f264da91e80fedf74da9) Importer(815301076,1909f56bfc062723c751e8b465ee728b)  -> (artifact id: 'a53e346257bb55c3d6bc423355886d94') in 0.000914 seconds
Number of updated asset objects reloaded before import = 0
Number of asset objects unloaded after import = 1
========================================================================
Received Import Request.
  Time since last request: 76.544487 seconds.
  path: Assets/Shaders/SGradient.shader
  artifactKey: Guid(92f806a37c79f264da91e80fedf74da9) Importer(815301076,1909f56bfc062723c751e8b465ee728b)
Start importing Assets/Shaders/SGradient.shader using Guid(92f806a37c79f264da91e80fedf74da9) Importer(815301076,1909f56bfc062723c751e8b465ee728b)  -> (artifact id: '760899ac586a129e625ca78bea5eed77') in 0.001035 seconds
Number of updated asset objects reloaded before import = 0
Number of asset objects unloaded after import = 1
========================================================================
Received Import Request.
  Time since last request: 1.408140 seconds.
  path: Assets/MTexture.mat
  artifactKey: Guid(8b121454fdafedd409b9a54423b4d995) Importer(815301076,1909f56bfc062723c751e8b465ee728b)
Start importing Assets/MTexture.mat using Guid(8b121454fdafedd409b9a54423b4d995) Importer(815301076,1909f56bfc062723c751e8b465ee728b)  -> (artifact id: 'ff2b64a38d39afe9cf72225fd6b0a9d7') in 0.023996 seconds
Number of updated asset objects reloaded before import = 0
Number of asset objects unloaded after import = 2
========================================================================
Received Import Request.
  Time since last request: 7.476357 seconds.
  path: Assets/MGradient.mat
  artifactKey: Guid(c625cc7ae8c7dff4aa28e4782a35c1f9) Importer(815301076,1909f56bfc062723c751e8b465ee728b)
Start importing Assets/MGradient.mat using Guid(c625cc7ae8c7dff4aa28e4782a35c1f9) Importer(815301076,1909f56bfc062723c751e8b465ee728b)  -> (artifact id: 'a2527e67c840fd5b4e98807dd57d4f78') in 0.010845 seconds
Number of updated asset objects reloaded before import = 0
Number of asset objects unloaded after import = 1
========================================================================
Received Import Request.
  Time since last request: 27.071795 seconds.
  path: Assets/Shaders/SGradient 1.shader
  artifactKey: Guid(452e4e9f01c2c4c4d8d9e23fc03a0abb) Importer(815301076,1909f56bfc062723c751e8b465ee728b)
Start importing Assets/Shaders/SGradient 1.shader using Guid(452e4e9f01c2c4c4d8d9e23fc03a0abb) Importer(815301076,1909f56bfc062723c751e8b465ee728b)  -> (artifact id: 'a7ee4ab12058710041e2eafffd8edc44') in 0.000941 seconds
Number of updated asset objects reloaded before import = 0
Number of asset objects unloaded after import = 1
========================================================================
Received Import Request.
  Time since last request: 5.259531 seconds.
  path: Assets/Shaders/SRoot.shader
  artifactKey: Guid(452e4e9f01c2c4c4d8d9e23fc03a0abb) Importer(815301076,1909f56bfc062723c751e8b465ee728b)
Start importing Assets/Shaders/SRoot.shader using Guid(452e4e9f01c2c4c4d8d9e23fc03a0abb) Importer(815301076,1909f56bfc062723c751e8b465ee728b)  -> (artifact id: '7e3eb9d3661b0628397714c2a47eee54') in 0.001004 seconds
Number of updated asset objects reloaded before import = 0
Number of asset objects unloaded after import = 1
========================================================================
Received Import Request.
  Time since last request: 8.171127 seconds.
  path: Assets/Shaders/SRoot.shader
  artifactKey: Guid(452e4e9f01c2c4c4d8d9e23fc03a0abb) Importer(815301076,1909f56bfc062723c751e8b465ee728b)
Start importing Assets/Shaders/SRoot.shader using Guid(452e4e9f01c2c4c4d8d9e23fc03a0abb) Importer(815301076,1909f56bfc062723c751e8b465ee728b)  -> (artifact id: '8bc711ff17b93e2414fae2bae5c1b9ec') in 0.000917 seconds
Number of updated asset objects reloaded before import = 0
Number of asset objects unloaded after import = 1
========================================================================
Received Import Request.
  Time since last request: 21.395883 seconds.
  path: Assets/MGradient.mat
  artifactKey: Guid(c625cc7ae8c7dff4aa28e4782a35c1f9) Importer(815301076,1909f56bfc062723c751e8b465ee728b)
Start importing Assets/MGradient.mat using Guid(c625cc7ae8c7dff4aa28e4782a35c1f9) Importer(815301076,1909f56bfc062723c751e8b465ee728b)  -> (artifact id: 'b40a0bb95af258d49da0f8426abfefe5') in 0.022860 seconds
Number of updated asset objects reloaded before import = 0
Number of asset objects unloaded after import = 2
========================================================================
Received Import Request.
  Time since last request: 142.019154 seconds.
  path: Assets/MRoot.mat
  artifactKey: Guid(747577a9180710f4bb5cdb9cb9358aea) Importer(815301076,1909f56bfc062723c751e8b465ee728b)
Start importing Assets/MRoot.mat using Guid(747577a9180710f4bb5cdb9cb9358aea) Importer(815301076,1909f56bfc062723c751e8b465ee728b)  -> (artifact id: '2b0a0247cac19b6b58d1eea6f84cc4d3') in 0.013399 seconds
Number of updated asset objects reloaded before import = 0
Number of asset objects unloaded after import = 1
========================================================================
Received Import Request.
  Time since last request: 9.525560 seconds.
  path: Assets/MRoot.mat
  artifactKey: Guid(747577a9180710f4bb5cdb9cb9358aea) Importer(815301076,1909f56bfc062723c751e8b465ee728b)
Start importing Assets/MRoot.mat using Guid(747577a9180710f4bb5cdb9cb9358aea) Importer(815301076,1909f56bfc062723c751e8b465ee728b)  -> (artifact id: 'acd2639b94a422baacb16b12cfd59a11') in 0.025304 seconds
Number of updated asset objects reloaded before import = 0
Number of asset objects unloaded after import = 2
========================================================================
Received Import Request.
  Time since last request: 57.570502 seconds.
  path: Assets/Shaders/SRoot.shader
  artifactKey: Guid(452e4e9f01c2c4c4d8d9e23fc03a0abb) Importer(815301076,1909f56bfc062723c751e8b465ee728b)
Start importing Assets/Shaders/SRoot.shader using Guid(452e4e9f01c2c4c4d8d9e23fc03a0abb) Importer(815301076,1909f56bfc062723c751e8b465ee728b)  -> (artifact id: 'a6b33e77f5955aad957c8d4c986b06d6') in 0.001205 seconds
Number of updated asset objects reloaded before import = 0
Number of asset objects unloaded after import = 1
========================================================================
Received Import Request.
  Time since last request: 1.149610 seconds.
  path: Assets/Shaders/SRoot 1.shader
  artifactKey: Guid(8b24eb32778ae99448d041b29d719110) Importer(815301076,1909f56bfc062723c751e8b465ee728b)
Start importing Assets/Shaders/SRoot 1.shader using Guid(8b24eb32778ae99448d041b29d719110) Importer(815301076,1909f56bfc062723c751e8b465ee728b)  -> (artifact id: 'b46c7d27ac5d00d3bff7902ec5bf8795') in 0.000915 seconds
Number of updated asset objects reloaded before import = 0
Number of asset objects unloaded after import = 1
========================================================================
Received Import Request.
  Time since last request: 5.507077 seconds.
  path: Assets/Shaders/SSinus.shader
  artifactKey: Guid(8b24eb32778ae99448d041b29d719110) Importer(815301076,1909f56bfc062723c751e8b465ee728b)
Start importing Assets/Shaders/SSinus.shader using Guid(8b24eb32778ae99448d041b29d719110) Importer(815301076,1909f56bfc062723c751e8b465ee728b)  -> (artifact id: 'd56fc79518b37bb0f6d5ed76e229bbf4') in 0.000917 seconds
Number of updated asset objects reloaded before import = 0
Number of asset objects unloaded after import = 1
========================================================================
Received Import Request.
  Time since last request: 18.502538 seconds.
  path: Assets/Shaders/SSinus.shader
  artifactKey: Guid(8b24eb32778ae99448d041b29d719110) Importer(815301076,1909f56bfc062723c751e8b465ee728b)
Start importing Assets/Shaders/SSinus.shader using Guid(8b24eb32778ae99448d041b29d719110) Importer(815301076,1909f56bfc062723c751e8b465ee728b)  -> (artifact id: 'd045206f23be73e2aaf2830535709f7b') in 0.000909 seconds
Number of updated asset objects reloaded before import = 0
Number of asset objects unloaded after import = 1
========================================================================
Received Import Request.
  Time since last request: 21.482242 seconds.
  path: Assets/MSinus.mat
  artifactKey: Guid(4700ddfe48f03cc4bb4fe1a6799876ab) Importer(815301076,1909f56bfc062723c751e8b465ee728b)
Start importing Assets/MSinus.mat using Guid(4700ddfe48f03cc4bb4fe1a6799876ab) Importer(815301076,1909f56bfc062723c751e8b465ee728b)  -> (artifact id: '10bede4f3a8f4081c794e71478535b1b') in 0.013868 seconds
Number of updated asset objects reloaded before import = 0
Number of asset objects unloaded after import = 1
========================================================================
Received Import Request.
  Time since last request: 13.968618 seconds.
  path: Assets/Shaders/SSinus 1.shader
  artifactKey: Guid(286513758600b6b48a246b05c38f0a15) Importer(815301076,1909f56bfc062723c751e8b465ee728b)
Start importing Assets/Shaders/SSinus 1.shader using Guid(286513758600b6b48a246b05c38f0a15) Importer(815301076,1909f56bfc062723c751e8b465ee728b)  -> (artifact id: 'a926718f72c4120d80e4294365eaeb19') in 0.000938 seconds
Number of updated asset objects reloaded before import = 0
Number of asset objects unloaded after import = 1
========================================================================
Received Import Request.
  Time since last request: 19.122729 seconds.
  path: Assets/Shaders/STangent.shader
  artifactKey: Guid(286513758600b6b48a246b05c38f0a15) Importer(815301076,1909f56bfc062723c751e8b465ee728b)
Start importing Assets/Shaders/STangent.shader using Guid(286513758600b6b48a246b05c38f0a15) Importer(815301076,1909f56bfc062723c751e8b465ee728b)  -> (artifact id: '6572b339df1028962216b56a533602b3') in 0.000922 seconds
Number of updated asset objects reloaded before import = 0
Number of asset objects unloaded after import = 1
========================================================================
Received Import Request.
  Time since last request: 10.135345 seconds.
  path: Assets/Shaders/STangent.shader
  artifactKey: Guid(286513758600b6b48a246b05c38f0a15) Importer(815301076,1909f56bfc062723c751e8b465ee728b)
Start importing Assets/Shaders/STangent.shader using Guid(286513758600b6b48a246b05c38f0a15) Importer(815301076,1909f56bfc062723c751e8b465ee728b)  -> (artifact id: '0c6ba00ecb62388d7fb1f49dd1bc66f1') in 0.000904 seconds
Number of updated asset objects reloaded before import = 0
Number of asset objects unloaded after import = 1
========================================================================
Received Import Request.
  Time since last request: 6.618416 seconds.
  path: Assets/MSinus.mat
  artifactKey: Guid(4700ddfe48f03cc4bb4fe1a6799876ab) Importer(815301076,1909f56bfc062723c751e8b465ee728b)
Start importing Assets/MSinus.mat using Guid(4700ddfe48f03cc4bb4fe1a6799876ab) Importer(815301076,1909f56bfc062723c751e8b465ee728b)  -> (artifact id: '235d7a9e69f9e5a5232b4916a0be8f5b') in 0.024330 seconds
Number of updated asset objects reloaded before import = 0
Number of asset objects unloaded after import = 2
========================================================================
Received Import Request.
  Time since last request: 5.332860 seconds.
  path: Assets/MTangent.mat
  artifactKey: Guid(fa3b8dfc26e50384c95683e1d9b3939a) Importer(815301076,1909f56bfc062723c751e8b465ee728b)
Start importing Assets/MTangent.mat using Guid(fa3b8dfc26e50384c95683e1d9b3939a) Importer(815301076,1909f56bfc062723c751e8b465ee728b)  -> (artifact id: '1f4c6b8170ccd14ff3b6bbaa5d0f32d0') in 0.011992 seconds
Number of updated asset objects reloaded before import = 0
Number of asset objects unloaded after import = 1
========================================================================
Received Import Request.
  Time since last request: 10.461443 seconds.
  path: Assets/MTangent.mat
  artifactKey: Guid(fa3b8dfc26e50384c95683e1d9b3939a) Importer(815301076,1909f56bfc062723c751e8b465ee728b)
Start importing Assets/MTangent.mat using Guid(fa3b8dfc26e50384c95683e1d9b3939a) Importer(815301076,1909f56bfc062723c751e8b465ee728b)  -> (artifact id: '96ef46a28265384e9d6bb20282a5183f') in 0.021955 seconds
Number of updated asset objects reloaded before import = 0
Number of asset objects unloaded after import = 2
========================================================================
Received Import Request.
  Time since last request: 30.737014 seconds.
  path: Assets/Shaders/SStart 1.shader
  artifactKey: Guid(428655fce365b1749afd145dce927db1) Importer(815301076,1909f56bfc062723c751e8b465ee728b)
Start importing Assets/Shaders/SStart 1.shader using Guid(428655fce365b1749afd145dce927db1) Importer(815301076,1909f56bfc062723c751e8b465ee728b)  -> (artifact id: '2e7387970edc83ac23e5b23ac47b3c18') in 0.001023 seconds
Number of updated asset objects reloaded before import = 0
Number of asset objects unloaded after import = 1
========================================================================
Received Import Request.
  Time since last request: 2.833420 seconds.
  path: Assets/Shaders/SLine.shader
  artifactKey: Guid(428655fce365b1749afd145dce927db1) Importer(815301076,1909f56bfc062723c751e8b465ee728b)
Start importing Assets/Shaders/SLine.shader using Guid(428655fce365b1749afd145dce927db1) Importer(815301076,1909f56bfc062723c751e8b465ee728b)  -> (artifact id: '0240b4b654534f8b8e535c513aef63b5') in 0.000914 seconds
Number of updated asset objects reloaded before import = 0
Number of asset objects unloaded after import = 1
========================================================================
Received Import Request.
  Time since last request: 4.600466 seconds.
  path: Assets/Shaders/SLine.shader
  artifactKey: Guid(428655fce365b1749afd145dce927db1) Importer(815301076,1909f56bfc062723c751e8b465ee728b)
Start importing Assets/Shaders/SLine.shader using Guid(428655fce365b1749afd145dce927db1) Importer(815301076,1909f56bfc062723c751e8b465ee728b)  -> (artifact id: '885d80d3d938920e78c249a5d6bd07cd') in 0.000910 seconds
Number of updated asset objects reloaded before import = 0
Number of asset objects unloaded after import = 1
========================================================================
Received Import Request.
  Time since last request: 225.515245 seconds.
  path: Assets/Shaders/SLine.shader
  artifactKey: Guid(428655fce365b1749afd145dce927db1) Importer(815301076,1909f56bfc062723c751e8b465ee728b)
Start importing Assets/Shaders/SLine.shader using Guid(428655fce365b1749afd145dce927db1) Importer(815301076,1909f56bfc062723c751e8b465ee728b)  -> (artifact id: '793bfa96a5721a7c7721bd67dca800cf') in 0.000994 seconds
Number of updated asset objects reloaded before import = 0
Number of asset objects unloaded after import = 1
========================================================================
Received Import Request.
  Time since last request: 7.183260 seconds.
  path: Assets/Shaders/STangent 1.shader
  artifactKey: Guid(8e9326462337c1846b74a80076c25e80) Importer(815301076,1909f56bfc062723c751e8b465ee728b)
Start importing Assets/Shaders/STangent 1.shader using Guid(8e9326462337c1846b74a80076c25e80) Importer(815301076,1909f56bfc062723c751e8b465ee728b)  -> (artifact id: '127abc8b816f0a02f272f2fd48abf575') in 0.000937 seconds
Number of updated asset objects reloaded before import = 0
Number of asset objects unloaded after import = 1
========================================================================
Received Import Request.
  Time since last request: 3.043622 seconds.
  path: Assets/Shaders/SLine.shader
  artifactKey: Guid(8e9326462337c1846b74a80076c25e80) Importer(815301076,1909f56bfc062723c751e8b465ee728b)
Start importing Assets/Shaders/SLine.shader using Guid(8e9326462337c1846b74a80076c25e80) Importer(815301076,1909f56bfc062723c751e8b465ee728b)  -> (artifact id: '2ba17e5f950ac858c469874ee33d16f0') in 0.001006 seconds
Number of updated asset objects reloaded before import = 0
Number of asset objects unloaded after import = 1
========================================================================
Received Import Request.
  Time since last request: 35.392127 seconds.
  path: Assets/Shaders/SLine.shader
  artifactKey: Guid(8e9326462337c1846b74a80076c25e80) Importer(815301076,1909f56bfc062723c751e8b465ee728b)
Start importing Assets/Shaders/SLine.shader using Guid(8e9326462337c1846b74a80076c25e80) Importer(815301076,1909f56bfc062723c751e8b465ee728b)  -> (artifact id: '1a7f087c3a6402d7664f5c3095b36981') in 0.001002 seconds
Number of updated asset objects reloaded before import = 0
Number of asset objects unloaded after import = 1
========================================================================
Received Import Request.
  Time since last request: 14.134683 seconds.
  path: Assets/Shaders/SLine.shader
  artifactKey: Guid(8e9326462337c1846b74a80076c25e80) Importer(815301076,1909f56bfc062723c751e8b465ee728b)
Start importing Assets/Shaders/SLine.shader using Guid(8e9326462337c1846b74a80076c25e80) Importer(815301076,1909f56bfc062723c751e8b465ee728b)  -> (artifact id: '919819ed12547dfbc741e5394fca4bc7') in 0.000955 seconds
Number of updated asset objects reloaded before import = 0
Number of asset objects unloaded after import = 1
========================================================================
Received Import Request.
  Time since last request: 61.553670 seconds.
  path: Assets/Shaders/SLine.shader
  artifactKey: Guid(8e9326462337c1846b74a80076c25e80) Importer(815301076,1909f56bfc062723c751e8b465ee728b)
Start importing Assets/Shaders/SLine.shader using Guid(8e9326462337c1846b74a80076c25e80) Importer(815301076,1909f56bfc062723c751e8b465ee728b)  -> (artifact id: 'ce7b70ec1b7beac587e6997aa801a4eb') in 0.000929 seconds
Number of updated asset objects reloaded before import = 0
Number of asset objects unloaded after import = 1
========================================================================
Received Import Request.
  Time since last request: 7.497190 seconds.
  path: Assets/MLine.mat
  artifactKey: Guid(241961cf2c8eec348b4772d706b76b0d) Importer(815301076,1909f56bfc062723c751e8b465ee728b)
Start importing Assets/MLine.mat using Guid(241961cf2c8eec348b4772d706b76b0d) Importer(815301076,1909f56bfc062723c751e8b465ee728b)  -> (artifact id: '38fab98b691c07cd849a794734a2e1a8') in 0.013180 seconds
Number of updated asset objects reloaded before import = 0
Number of asset objects unloaded after import = 1
========================================================================
Received Import Request.
  Time since last request: 143.241300 seconds.
  path: Assets/MLine.mat
  artifactKey: Guid(241961cf2c8eec348b4772d706b76b0d) Importer(815301076,1909f56bfc062723c751e8b465ee728b)
Start importing Assets/MLine.mat using Guid(241961cf2c8eec348b4772d706b76b0d) Importer(815301076,1909f56bfc062723c751e8b465ee728b)  -> (artifact id: 'dafed835b844ca1309890b348e3341be') in 0.025176 seconds
Number of updated asset objects reloaded before import = 0
Number of asset objects unloaded after import = 2
========================================================================
Received Import Request.
  Time since last request: 793.896601 seconds.
  path: Assets/MLine.mat
  artifactKey: Guid(241961cf2c8eec348b4772d706b76b0d) Importer(815301076,1909f56bfc062723c751e8b465ee728b)
Start importing Assets/MLine.mat using Guid(241961cf2c8eec348b4772d706b76b0d) Importer(815301076,1909f56bfc062723c751e8b465ee728b)  -> (artifact id: '5259d03cf37652b45f66b4d66d5f0d8b') in 0.014458 seconds
Number of updated asset objects reloaded before import = 0
Number of asset objects unloaded after import = 2
========================================================================
Received Import Request.
  Time since last request: 10.342845 seconds.
  path: Assets/MLine.mat
  artifactKey: Guid(241961cf2c8eec348b4772d706b76b0d) Importer(815301076,1909f56bfc062723c751e8b465ee728b)
Start importing Assets/MLine.mat using Guid(241961cf2c8eec348b4772d706b76b0d) Importer(815301076,1909f56bfc062723c751e8b465ee728b)  -> (artifact id: '0350003e957cce9665dbadad4fb6ee58') in 0.009728 seconds
Number of updated asset objects reloaded before import = 0
Number of asset objects unloaded after import = 2
========================================================================
Received Import Request.
  Time since last request: 28.756700 seconds.
  path: Assets/MLine.mat
  artifactKey: Guid(241961cf2c8eec348b4772d706b76b0d) Importer(815301076,1909f56bfc062723c751e8b465ee728b)
Start importing Assets/MLine.mat using Guid(241961cf2c8eec348b4772d706b76b0d) Importer(815301076,1909f56bfc062723c751e8b465ee728b)  -> (artifact id: '5c2f33c64c98e394038a334ddd40b70e') in 0.017688 seconds
Number of updated asset objects reloaded before import = 0
Number of asset objects unloaded after import = 2
========================================================================
Received Import Request.
  Time since last request: 21.333889 seconds.
  path: Assets/MLine.mat
  artifactKey: Guid(241961cf2c8eec348b4772d706b76b0d) Importer(815301076,1909f56bfc062723c751e8b465ee728b)
Start importing Assets/MLine.mat using Guid(241961cf2c8eec348b4772d706b76b0d) Importer(815301076,1909f56bfc062723c751e8b465ee728b)  -> (artifact id: '36611d0c9a6c7ae4bcdfd332e237f087') in 0.009652 seconds
Number of updated asset objects reloaded before import = 0
Number of asset objects unloaded after import = 2
========================================================================
Received Import Request.
  Time since last request: 4.300110 seconds.
  path: Assets/MLine.mat
  artifactKey: Guid(241961cf2c8eec348b4772d706b76b0d) Importer(815301076,1909f56bfc062723c751e8b465ee728b)
Start importing Assets/MLine.mat using Guid(241961cf2c8eec348b4772d706b76b0d) Importer(815301076,1909f56bfc062723c751e8b465ee728b)  -> (artifact id: 'b8c9d5ef501ba734d59e649430712917') in 0.006168 seconds
Number of updated asset objects reloaded before import = 0
Number of asset objects unloaded after import = 2
========================================================================
Received Import Request.
  Time since last request: 5.697602 seconds.
  path: Assets/MLine.mat
  artifactKey: Guid(241961cf2c8eec348b4772d706b76b0d) Importer(815301076,1909f56bfc062723c751e8b465ee728b)
Start importing Assets/MLine.mat using Guid(241961cf2c8eec348b4772d706b76b0d) Importer(815301076,1909f56bfc062723c751e8b465ee728b)  -> (artifact id: '8977380f0db39cddd0b0359da7dcbd8e') in 0.009575 seconds
Number of updated asset objects reloaded before import = 0
Number of asset objects unloaded after import = 2
========================================================================
Received Import Request.
  Time since last request: 1.973831 seconds.
  path: Assets/MLine.mat
  artifactKey: Guid(241961cf2c8eec348b4772d706b76b0d) Importer(815301076,1909f56bfc062723c751e8b465ee728b)
Start importing Assets/MLine.mat using Guid(241961cf2c8eec348b4772d706b76b0d) Importer(815301076,1909f56bfc062723c751e8b465ee728b)  -> (artifact id: 'b47c75d7d3f6d14db5ce43212095ec72') in 0.009985 seconds
Number of updated asset objects reloaded before import = 0
Number of asset objects unloaded after import = 2
========================================================================
Received Import Request.
  Time since last request: 21.568663 seconds.
  path: Assets/MLine.mat
  artifactKey: Guid(241961cf2c8eec348b4772d706b76b0d) Importer(815301076,1909f56bfc062723c751e8b465ee728b)
Start importing Assets/MLine.mat using Guid(241961cf2c8eec348b4772d706b76b0d) Importer(815301076,1909f56bfc062723c751e8b465ee728b)  -> (artifact id: '486dad32c7ed4dcc6e9c31d3ae0c5bf4') in 0.020287 seconds
Number of updated asset objects reloaded before import = 0
Number of asset objects unloaded after import = 2
========================================================================
Received Import Request.
  Time since last request: 11.659141 seconds.
  path: Assets/MLine.mat
  artifactKey: Guid(241961cf2c8eec348b4772d706b76b0d) Importer(815301076,1909f56bfc062723c751e8b465ee728b)
Start importing Assets/MLine.mat using Guid(241961cf2c8eec348b4772d706b76b0d) Importer(815301076,1909f56bfc062723c751e8b465ee728b)  -> (artifact id: 'c7037ac2c298e9b35e43c5b7d1b07f3e') in 0.007949 seconds
Number of updated asset objects reloaded before import = 0
Number of asset objects unloaded after import = 2
========================================================================
Received Import Request.
  Time since last request: 4.905334 seconds.
  path: Assets/MLine.mat
  artifactKey: Guid(241961cf2c8eec348b4772d706b76b0d) Importer(815301076,1909f56bfc062723c751e8b465ee728b)
Start importing Assets/MLine.mat using Guid(241961cf2c8eec348b4772d706b76b0d) Importer(815301076,1909f56bfc062723c751e8b465ee728b)  -> (artifact id: '4a1016ea7613578d607630796125a6c6') in 0.010821 seconds
Number of updated asset objects reloaded before import = 0
Number of asset objects unloaded after import = 2
========================================================================
Received Import Request.
  Time since last request: 7.608435 seconds.
  path: Assets/MLine.mat
  artifactKey: Guid(241961cf2c8eec348b4772d706b76b0d) Importer(815301076,1909f56bfc062723c751e8b465ee728b)
Start importing Assets/MLine.mat using Guid(241961cf2c8eec348b4772d706b76b0d) Importer(815301076,1909f56bfc062723c751e8b465ee728b)  -> (artifact id: 'c2717fcf6d9ddff56551453ac9670e74') in 0.006826 seconds
Number of updated asset objects reloaded before import = 0
Number of asset objects unloaded after import = 2
========================================================================
Received Import Request.
  Time since last request: 19.923939 seconds.
  path: Assets/MLine.mat
  artifactKey: Guid(241961cf2c8eec348b4772d706b76b0d) Importer(815301076,1909f56bfc062723c751e8b465ee728b)
Start importing Assets/MLine.mat using Guid(241961cf2c8eec348b4772d706b76b0d) Importer(815301076,1909f56bfc062723c751e8b465ee728b) Shader error in 'Unlit/SLine': undeclared identifier 'GStart' at line 46 (on d3d11)

Compiling Subshader: 0, Pass: <Unnamed Pass 0>, Vertex program with <no keywords>
Platform defines: SHADER_API_DESKTOP UNITY_COLORSPACE_GAMMA UNITY_ENABLE_DETAIL_NORMALMAP UNITY_ENABLE_REFLECTION_BUFFERS UNITY_LIGHTMAP_FULL_HDR UNITY_LIGHT_PROBE_PROXY_VOLUME UNITY_PBS_USE_BRDF1 UNITY_SPECCUBE_BLENDING UNITY_SPECCUBE_BOX_PROJECTION UNITY_USE_DITHER_MASK_FOR_ALPHABLENDED_SHADOWS
Disabled keywords: SHADER_API_GLES30 UNITY_ASTC_NORMALMAP_ENCODING UNITY_FRAMEBUFFER_FETCH_AVAILABLE UNITY_HALF_PRECISION_FRAGMENT_SHADER_REGISTERS UNITY_HARDWARE_TIER1 UNITY_HARDWARE_TIER2 UNITY_HARDWARE_TIER3 UNITY_LIGHTMAP_DLDR_ENCODING UNITY_LIGHTMAP_RGBM_ENCODING UNITY_METAL_SHADOWS_USE_POINT_FILTERING UNITY_NO_DXT5nm UNITY_NO_FULL_STANDARD_SHADER UNITY_NO_SCREENSPACE_SHADOWS UNITY_PBS_USE_BRDF2 UNITY_PBS_USE_BRDF3 UNITY_PRETRANSFORM_TO_DISPLAY_ORIENTATION UNITY_UNIFIED_SHADER_PRECISION_MODEL UNITY_VIRTUAL_TEXTURING
Shader error in 'Unlit/SLine': undeclared identifier 'GStart' at line 46 (on d3d11)

Compiling Subshader: 0, Pass: <Unnamed Pass 0>, Vertex program with <no keywords>
Platform defines: SHADER_API_DESKTOP UNITY_COLORSPACE_GAMMA UNITY_ENABLE_DETAIL_NORMALMAP UNITY_ENABLE_REFLECTION_BUFFERS UNITY_LIGHTMAP_FULL_HDR UNITY_LIGHT_PROBE_PROXY_VOLUME UNITY_PBS_USE_BRDF1 UNITY_SPECCUBE_BLENDING UNITY_SPECCUBE_BOX_PROJECTION UNITY_USE_DITHER_MASK_FOR_ALPHABLENDED_SHADOWS
Disabled keywords: SHADER_API_GLES30 UNITY_ASTC_NORMALMAP_ENCODING UNITY_FRAMEBUFFER_FETCH_AVAILABLE UNITY_HALF_PRECISION_FRAGMENT_SHADER_REGISTERS UNITY_HARDWARE_TIER1 UNITY_HARDWARE_TIER2 UNITY_HARDWARE_TIER3 UNITY_LIGHTMAP_DLDR_ENCODING UNITY_LIGHTMAP_RGBM_ENCODING UNITY_METAL_SHADOWS_USE_POINT_FILTERING UNITY_NO_DXT5nm UNITY_NO_FULL_STANDARD_SHADER UNITY_NO_SCREENSPACE_SHADOWS UNITY_PBS_USE_BRDF2 UNITY_PBS_USE_BRDF3 UNITY_PRETRANSFORM_TO_DISPLAY_ORIENTATION UNITY_UNIFIED_SHADER_PRECISION_MODEL UNITY_VIRTUAL_TEXTURING
 -> (artifact id: '9fca796d55d7a92542b6c2855085f5c5') in 0.009467 seconds
Number of updated asset objects reloaded before import = 0
Number of asset objects unloaded after import = 2
========================================================================
Received Import Request.
  Time since last request: 32.015689 seconds.
  path: Assets/MLine.mat
  artifactKey: Guid(241961cf2c8eec348b4772d706b76b0d) Importer(815301076,1909f56bfc062723c751e8b465ee728b)
Start importing Assets/MLine.mat using Guid(241961cf2c8eec348b4772d706b76b0d) Importer(815301076,1909f56bfc062723c751e8b465ee728b)  -> (artifact id: 'cd8f36a5fd0f852eb9266c8e95d09069') in 0.018499 seconds
Number of updated asset objects reloaded before import = 0
Number of asset objects unloaded after import = 2
========================================================================
Received Import Request.
  Time since last request: 28.855025 seconds.
  path: Assets/MLine.mat
  artifactKey: Guid(241961cf2c8eec348b4772d706b76b0d) Importer(815301076,1909f56bfc062723c751e8b465ee728b)
Start importing Assets/MLine.mat using Guid(241961cf2c8eec348b4772d706b76b0d) Importer(815301076,1909f56bfc062723c751e8b465ee728b)  -> (artifact id: 'c1d3adb2e1a2036ccc0d1e036d9ab98d') in 0.022235 seconds
Number of updated asset objects reloaded before import = 0
Number of asset objects unloaded after import = 2
========================================================================
Received Import Request.
  Time since last request: 56.012614 seconds.
  path: Assets/MLine.mat
  artifactKey: Guid(241961cf2c8eec348b4772d706b76b0d) Importer(815301076,1909f56bfc062723c751e8b465ee728b)
Start importing Assets/MLine.mat using Guid(241961cf2c8eec348b4772d706b76b0d) Importer(815301076,1909f56bfc062723c751e8b465ee728b)  -> (artifact id: 'ccf889da6f703f0ec678a7db3bfdd451') in 0.018893 seconds
Number of updated asset objects reloaded before import = 0
Number of asset objects unloaded after import = 2
========================================================================
Received Import Request.
  Time since last request: 16.295706 seconds.
  path: Assets/MLine.mat
  artifactKey: Guid(241961cf2c8eec348b4772d706b76b0d) Importer(815301076,1909f56bfc062723c751e8b465ee728b)
Start importing Assets/MLine.mat using Guid(241961cf2c8eec348b4772d706b76b0d) Importer(815301076,1909f56bfc062723c751e8b465ee728b)  -> (artifact id: '132df36a139454108902ffdbd958a0e0') in 0.008116 seconds
Number of updated asset objects reloaded before import = 0
Number of asset objects unloaded after import = 2
========================================================================
Received Import Request.
  Time since last request: 158.188791 seconds.
  path: Assets/MLine.mat
  artifactKey: Guid(241961cf2c8eec348b4772d706b76b0d) Importer(815301076,1909f56bfc062723c751e8b465ee728b)
Start importing Assets/MLine.mat using Guid(241961cf2c8eec348b4772d706b76b0d) Importer(815301076,1909f56bfc062723c751e8b465ee728b)  -> (artifact id: '710a49b6581c1e152b3442f4d77c6005') in 0.028908 seconds
Number of updated asset objects reloaded before import = 0
Number of asset objects unloaded after import = 2
========================================================================
Received Import Request.
  Time since last request: 16.802129 seconds.
  path: Assets/MLine.mat
  artifactKey: Guid(241961cf2c8eec348b4772d706b76b0d) Importer(815301076,1909f56bfc062723c751e8b465ee728b)
Start importing Assets/MLine.mat using Guid(241961cf2c8eec348b4772d706b76b0d) Importer(815301076,1909f56bfc062723c751e8b465ee728b)  -> (artifact id: '4e3c57d1cf5afca1fd965a54162465e6') in 0.021975 seconds
Number of updated asset objects reloaded before import = 0
Number of asset objects unloaded after import = 2
========================================================================
Received Import Request.
  Time since last request: 29.499647 seconds.
  path: Assets/MLine.mat
  artifactKey: Guid(241961cf2c8eec348b4772d706b76b0d) Importer(815301076,1909f56bfc062723c751e8b465ee728b)
Start importing Assets/MLine.mat using Guid(241961cf2c8eec348b4772d706b76b0d) Importer(815301076,1909f56bfc062723c751e8b465ee728b)  -> (artifact id: '96a3f8c453d05e6c05bc1f332cb61c27') in 0.021198 seconds
Number of updated asset objects reloaded before import = 0
Number of asset objects unloaded after import = 2
========================================================================
Received Import Request.
  Time since last request: 9.507826 seconds.
  path: Assets/MLine.mat
  artifactKey: Guid(241961cf2c8eec348b4772d706b76b0d) Importer(815301076,1909f56bfc062723c751e8b465ee728b)
Start importing Assets/MLine.mat using Guid(241961cf2c8eec348b4772d706b76b0d) Importer(815301076,1909f56bfc062723c751e8b465ee728b)  -> (artifact id: '5c4a1170767468ab32ff5c87d19dd90b') in 0.008555 seconds
Number of updated asset objects reloaded before import = 0
Number of asset objects unloaded after import = 2
========================================================================
Received Import Request.
  Time since last request: 24.743997 seconds.
  path: Assets/MLine.mat
  artifactKey: Guid(241961cf2c8eec348b4772d706b76b0d) Importer(815301076,1909f56bfc062723c751e8b465ee728b)
Start importing Assets/MLine.mat using Guid(241961cf2c8eec348b4772d706b76b0d) Importer(815301076,1909f56bfc062723c751e8b465ee728b) Shader error in 'Unlit/SLine': 'FLine': no matching 3 parameter function at line 48 (on d3d11)

Compiling Subshader: 0, Pass: <Unnamed Pass 0>, Vertex program with <no keywords>
Platform defines: SHADER_API_DESKTOP UNITY_COLORSPACE_GAMMA UNITY_ENABLE_DETAIL_NORMALMAP UNITY_ENABLE_REFLECTION_BUFFERS UNITY_LIGHTMAP_FULL_HDR UNITY_LIGHT_PROBE_PROXY_VOLUME UNITY_PBS_USE_BRDF1 UNITY_SPECCUBE_BLENDING UNITY_SPECCUBE_BOX_PROJECTION UNITY_USE_DITHER_MASK_FOR_ALPHABLENDED_SHADOWS
Disabled keywords: SHADER_API_GLES30 UNITY_ASTC_NORMALMAP_ENCODING UNITY_FRAMEBUFFER_FETCH_AVAILABLE UNITY_HALF_PRECISION_FRAGMENT_SHADER_REGISTERS UNITY_HARDWARE_TIER1 UNITY_HARDWARE_TIER2 UNITY_HARDWARE_TIER3 UNITY_LIGHTMAP_DLDR_ENCODING UNITY_LIGHTMAP_RGBM_ENCODING UNITY_METAL_SHADOWS_USE_POINT_FILTERING UNITY_NO_DXT5nm UNITY_NO_FULL_STANDARD_SHADER UNITY_NO_SCREENSPACE_SHADOWS UNITY_PBS_USE_BRDF2 UNITY_PBS_USE_BRDF3 UNITY_PRETRANSFORM_TO_DISPLAY_ORIENTATION UNITY_UNIFIED_SHADER_PRECISION_MODEL UNITY_VIRTUAL_TEXTURING
Shader error in 'Unlit/SLine': undeclared identifier 'GWidth' at line 48 (on d3d11)

Compiling Subshader: 0, Pass: <Unnamed Pass 0>, Vertex program with <no keywords>
Platform defines: SHADER_API_DESKTOP UNITY_COLORSPACE_GAMMA UNITY_ENABLE_DETAIL_NORMALMAP UNITY_ENABLE_REFLECTION_BUFFERS UNITY_LIGHTMAP_FULL_HDR UNITY_LIGHT_PROBE_PROXY_VOLUME UNITY_PBS_USE_BRDF1 UNITY_SPECCUBE_BLENDING UNITY_SPECCUBE_BOX_PROJECTION UNITY_USE_DITHER_MASK_FOR_ALPHABLENDED_SHADOWS
Disabled keywords: SHADER_API_GLES30 UNITY_ASTC_NORMALMAP_ENCODING UNITY_FRAMEBUFFER_FETCH_AVAILABLE UNITY_HALF_PRECISION_FRAGMENT_SHADER_REGISTERS UNITY_HARDWARE_TIER1 UNITY_HARDWARE_TIER2 UNITY_HARDWARE_TIER3 UNITY_LIGHTMAP_DLDR_ENCODING UNITY_LIGHTMAP_RGBM_ENCODING UNITY_METAL_SHADOWS_USE_POINT_FILTERING UNITY_NO_DXT5nm UNITY_NO_FULL_STANDARD_SHADER UNITY_NO_SCREENSPACE_SHADOWS UNITY_PBS_USE_BRDF2 UNITY_PBS_USE_BRDF3 UNITY_PRETRANSFORM_TO_DISPLAY_ORIENTATION UNITY_UNIFIED_SHADER_PRECISION_MODEL UNITY_VIRTUAL_TEXTURING
Shader error in 'Unlit/SLine': 'FLine': no matching 3 parameter function at line 48 (on d3d11)

Compiling Subshader: 0, Pass: <Unnamed Pass 0>, Vertex program with <no keywords>
Platform defines: SHADER_API_DESKTOP UNITY_COLORSPACE_GAMMA UNITY_ENABLE_DETAIL_NORMALMAP UNITY_ENABLE_REFLECTION_BUFFERS UNITY_LIGHTMAP_FULL_HDR UNITY_LIGHT_PROBE_PROXY_VOLUME UNITY_PBS_USE_BRDF1 UNITY_SPECCUBE_BLENDING UNITY_SPECCUBE_BOX_PROJECTION UNITY_USE_DITHER_MASK_FOR_ALPHABLENDED_SHADOWS
Disabled keywords: SHADER_API_GLES30 UNITY_ASTC_NORMALMAP_ENCODING UNITY_FRAMEBUFFER_FETCH_AVAILABLE UNITY_HALF_PRECISION_FRAGMENT_SHADER_REGISTERS UNITY_HARDWARE_TIER1 UNITY_HARDWARE_TIER2 UNITY_HARDWARE_TIER3 UNITY_LIGHTMAP_DLDR_ENCODING UNITY_LIGHTMAP_RGBM_ENCODING UNITY_METAL_SHADOWS_USE_POINT_FILTERING UNITY_NO_DXT5nm UNITY_NO_FULL_STANDARD_SHADER UNITY_NO_SCREENSPACE_SHADOWS UNITY_PBS_USE_BRDF2 UNITY_PBS_USE_BRDF3 UNITY_PRETRANSFORM_TO_DISPLAY_ORIENTATION UNITY_UNIFIED_SHADER_PRECISION_MODEL UNITY_VIRTUAL_TEXTURING
Shader error in 'Unlit/SLine': undeclared identifier 'GWidth' at line 48 (on d3d11)

Compiling Subshader: 0, Pass: <Unnamed Pass 0>, Vertex program with <no keywords>
Platform defines: SHADER_API_DESKTOP UNITY_COLORSPACE_GAMMA UNITY_ENABLE_DETAIL_NORMALMAP UNITY_ENABLE_REFLECTION_BUFFERS UNITY_LIGHTMAP_FULL_HDR UNITY_LIGHT_PROBE_PROXY_VOLUME UNITY_PBS_USE_BRDF1 UNITY_SPECCUBE_BLENDING UNITY_SPECCUBE_BOX_PROJECTION UNITY_USE_DITHER_MASK_FOR_ALPHABLENDED_SHADOWS
Disabled keywords: SHADER_API_GLES30 UNITY_ASTC_NORMALMAP_ENCODING UNITY_FRAMEBUFFER_FETCH_AVAILABLE UNITY_HALF_PRECISION_FRAGMENT_SHADER_REGISTERS UNITY_HARDWARE_TIER1 UNITY_HARDWARE_TIER2 UNITY_HARDWARE_TIER3 UNITY_LIGHTMAP_DLDR_ENCODING UNITY_LIGHTMAP_RGBM_ENCODING UNITY_METAL_SHADOWS_USE_POINT_FILTERING UNITY_NO_DXT5nm UNITY_NO_FULL_STANDARD_SHADER UNITY_NO_SCREENSPACE_SHADOWS UNITY_PBS_USE_BRDF2 UNITY_PBS_USE_BRDF3 UNITY_PRETRANSFORM_TO_DISPLAY_ORIENTATION UNITY_UNIFIED_SHADER_PRECISION_MODEL UNITY_VIRTUAL_TEXTURING
 -> (artifact id: '42073d910efe2bab57ee3a96939bcfef') in 0.011030 seconds
Number of updated asset objects reloaded before import = 0
Number of asset objects unloaded after import = 2
========================================================================
Received Import Request.
  Time since last request: 1504.134788 seconds.
  path: Assets/Shaders/SLine.shader
  artifactKey: Guid(8e9326462337c1846b74a80076c25e80) Importer(815301076,1909f56bfc062723c751e8b465ee728b)
Start importing Assets/Shaders/SLine.shader using Guid(8e9326462337c1846b74a80076c25e80) Importer(815301076,1909f56bfc062723c751e8b465ee728b)  -> (artifact id: '55d87cb9157a6421c1a79e473aeafbd3') in 0.001423 seconds
Number of updated asset objects reloaded before import = 0
Number of asset objects unloaded after import = 1
